<?xml version="1.0" encoding="UTF-8"?>
<testng-results ignored="0" total="3" passed="3" failed="0" skipped="0">
  <reporter-output>
  </reporter-output>
  <suite started-at="2024-08-25T21:56:01 PDT" name="Suite" finished-at="2024-08-25T21:56:10 PDT" duration-ms="8521">
    <groups>
    </groups>
    <test started-at="2024-08-25T21:56:01 PDT" name="ChromeTest" finished-at="2024-08-25T21:56:06 PDT" duration-ms="4745">
      <class name="parallel.ParallelBrowsers">
        <test-method signature="LaunchChromeBrowser(java.lang.String)[pri:0, instance:parallel.ParallelBrowsers@795cd85e]" started-at="2024-08-25T21:56:01 PDT" name="LaunchChromeBrowser" finished-at="2024-08-25T21:56:06 PDT" duration-ms="4658" status="PASS">
          <params>
            <param index="0">
              <value>
                <![CDATA[Chrome]]>
              </value>
            </param>
          </params>
          <reporter-output>
          </reporter-output>
        </test-method> <!-- LaunchChromeBrowser -->
      </class> <!-- parallel.ParallelBrowsers -->
    </test> <!-- ChromeTest -->
    <test started-at="2024-08-25T21:56:01 PDT" name="EdgeTest" finished-at="2024-08-25T21:56:09 PDT" duration-ms="7532">
      <class name="parallel.ParallelBrowsers">
        <test-method signature="LaunchChromeBrowser(java.lang.String)[pri:0, instance:parallel.ParallelBrowsers@5c33f1a9]" started-at="2024-08-25T21:56:01 PDT" name="LaunchChromeBrowser" finished-at="2024-08-25T21:56:09 PDT" duration-ms="7446" status="PASS">
          <params>
            <param index="0">
              <value>
                <![CDATA[Edge]]>
              </value>
            </param>
          </params>
          <reporter-output>
          </reporter-output>
        </test-method> <!-- LaunchChromeBrowser -->
      </class> <!-- parallel.ParallelBrowsers -->
    </test> <!-- EdgeTest -->
    <test started-at="2024-08-25T21:56:01 PDT" name="FirefoxTest" finished-at="2024-08-25T21:56:10 PDT" duration-ms="8520">
      <class name="parallel.ParallelBrowsers">
        <test-method signature="LaunchChromeBrowser(java.lang.String)[pri:0, instance:parallel.ParallelBrowsers@4ec4f3a0]" started-at="2024-08-25T21:56:01 PDT" name="LaunchChromeBrowser" finished-at="2024-08-25T21:56:10 PDT" duration-ms="8436" status="PASS">
          <params>
            <param index="0">
              <value>
                <![CDATA[Firefox]]>
              </value>
            </param>
          </params>
          <reporter-output>
          </reporter-output>
        </test-method> <!-- LaunchChromeBrowser -->
      </class> <!-- parallel.ParallelBrowsers -->
    </test> <!-- FirefoxTest -->
  </suite> <!-- Suite -->
</testng-results>
